<?xml version="1.0" encoding="UTF-8"?>
<testng-results skipped="0" failed="0" total="1" passed="1">
  <reporter-output>
  </reporter-output>
  <suite name="Master" duration-ms="13503" started-at="2017-06-10T07:50:19Z" finished-at="2017-06-10T07:50:32Z">
    <groups>
    </groups>
    <test name="getMultipleTitles" duration-ms="13503" started-at="2017-06-10T07:50:19Z" finished-at="2017-06-10T07:50:32Z">
      <class name="LaunchChrome">
        <test-method status="PASS" signature="launchBrowser()[pri:0, instance:LaunchChrome@cb5822]" name="launchBrowser" is-config="true" duration-ms="3653" started-at="2017-06-10T13:20:19Z" finished-at="2017-06-10T13:20:22Z">
          <reporter-output>
          </reporter-output>
        </test-method> <!-- launchBrowser -->
        <test-method status="PASS" signature="testCase1()[pri:0, instance:LaunchChrome@cb5822]" name="testCase1" duration-ms="8956" started-at="2017-06-10T13:20:22Z" finished-at="2017-06-10T13:20:31Z">
          <reporter-output>
          </reporter-output>
        </test-method> <!-- testCase1 -->
        <test-method status="PASS" signature="closerBrowser()[pri:0, instance:LaunchChrome@cb5822]" name="closerBrowser" is-config="true" duration-ms="877" started-at="2017-06-10T13:20:31Z" finished-at="2017-06-10T13:20:32Z">
          <reporter-output>
          </reporter-output>
        </test-method> <!-- closerBrowser -->
      </class> <!-- LaunchChrome -->
    </test> <!-- getMultipleTitles -->
  </suite> <!-- Master -->
</testng-results>
