<?xml version="1.0" encoding="UTF-8"?>
<testng-results skipped="0" failed="0" total="1" passed="1">
  <reporter-output>
  </reporter-output>
  <suite name="Master" duration-ms="21857" started-at="2017-06-10T08:01:51Z" finished-at="2017-06-10T08:02:13Z">
    <groups>
    </groups>
    <test name="getMultipleTitles" duration-ms="21857" started-at="2017-06-10T08:01:51Z" finished-at="2017-06-10T08:02:13Z">
      <class name="LaunchChrome">
        <test-method status="PASS" signature="launchBrowser()[pri:0, instance:LaunchChrome@2133c8f8]" name="launchBrowser" is-config="true" duration-ms="3685" started-at="2017-06-10T13:31:51Z" finished-at="2017-06-10T13:31:55Z">
          <reporter-output>
          </reporter-output>
        </test-method> <!-- launchBrowser -->
        <test-method status="PASS" signature="testCase1()[pri:0, instance:LaunchChrome@2133c8f8]" name="testCase1" duration-ms="17263" started-at="2017-06-10T13:31:55Z" finished-at="2017-06-10T13:32:12Z">
          <reporter-output>
          </reporter-output>
        </test-method> <!-- testCase1 -->
        <test-method status="PASS" signature="closerBrowser()[pri:0, instance:LaunchChrome@2133c8f8]" name="closerBrowser" is-config="true" duration-ms="889" started-at="2017-06-10T13:32:12Z" finished-at="2017-06-10T13:32:13Z">
          <reporter-output>
          </reporter-output>
        </test-method> <!-- closerBrowser -->
      </class> <!-- LaunchChrome -->
    </test> <!-- getMultipleTitles -->
  </suite> <!-- Master -->
</testng-results>
