<?xml version="1.0" encoding="UTF-8"?>
<testng-results skipped="0" failed="0" total="1" passed="1">
  <reporter-output>
  </reporter-output>
  <suite name="Master" duration-ms="12767" started-at="2017-06-10T17:27:10Z" finished-at="2017-06-10T17:27:23Z">
    <groups>
    </groups>
    <test name="getMultipleTitles" duration-ms="12767" started-at="2017-06-10T17:27:10Z" finished-at="2017-06-10T17:27:23Z">
      <class name="LaunchChrome">
        <test-method status="PASS" signature="launchBrowser()[pri:0, instance:LaunchChrome@2133c8f8]" name="launchBrowser" is-config="true" duration-ms="4156" started-at="2017-06-10T22:57:10Z" finished-at="2017-06-10T22:57:15Z">
          <reporter-output>
          </reporter-output>
        </test-method> <!-- launchBrowser -->
        <test-method status="PASS" signature="testCase1()[pri:0, instance:LaunchChrome@2133c8f8]" name="testCase1" duration-ms="7619" started-at="2017-06-10T22:57:15Z" finished-at="2017-06-10T22:57:22Z">
          <reporter-output>
          </reporter-output>
        </test-method> <!-- testCase1 -->
        <test-method status="PASS" signature="closerBrowser()[pri:0, instance:LaunchChrome@2133c8f8]" name="closerBrowser" is-config="true" duration-ms="975" started-at="2017-06-10T22:57:22Z" finished-at="2017-06-10T22:57:23Z">
          <reporter-output>
          </reporter-output>
        </test-method> <!-- closerBrowser -->
      </class> <!-- LaunchChrome -->
    </test> <!-- getMultipleTitles -->
  </suite> <!-- Master -->
</testng-results>
